<?xml version="1.0" encoding="UTF-8" ?>
<testsuite 
errors="0" failures="2" hostname="LENOVO-RICARDO" name="br.unb.cic.mhs.ExpressaoITETeste" tests="4" time="0.013" timestamp="2017-07-05T23:01:36">
  <properties>
    <property name="java.runtime.name" value="Java(TM) SE Runtime Environment">
    </property>
    <property 
    name="sun.boot.library.path" value="C:\Program Files\Java\jre1.8.0_121\bin">
</property>
    <property name="java.vm.version" value="25.121-b13"> </property>
    <property name="java.vm.vendor" value="Oracle Corporation"> </property>
    <property name="java.vendor.url" value="http://java.oracle.com/">
    </property>
    <property name="path.separator" value=";"> </property>
    <property name="java.vm.name" value="Java HotSpot(TM) 64-Bit Server VM">
    </property>
    <property name="file.encoding.pkg" value="sun.io"> </property>
    <property name="user.script" value=""> </property>
    <property name="user.country" value="BR"> </property>
    <property name="sun.java.launcher" value="SUN_STANDARD"> </property>
    <property name="sun.os.patch.level" value=""> </property>
    <property 
    name="java.vm.specification.name" value="Java Virtual Machine Specification">
</property>
    <property name="user.dir" value="C:\Projects\tp\mhs-scala"> </property>
    <property name="java.runtime.version" value="1.8.0_121-b13"> </property>
    <property 
    name="java.awt.graphicsenv" value="sun.awt.Win32GraphicsEnvironment">
</property>
    <property name="basedir" value="C:\Projects\tp\mhs-scala"> </property>
    <property 
    name="java.endorsed.dirs" value="C:\Program Files\Java\jre1.8.0_121\lib\endorsed">
</property>
    <property name="os.arch" value="amd64"> </property>
    <property name="java.io.tmpdir" value="C:\Users\rdini\AppData\Local\Temp\">
    </property>
    <property name="line.separator" value=" "> </property>
    <property name="java.vm.specification.vendor" value="Oracle Corporation">
    </property>
    <property name="user.variant" value=""> </property>
    <property name="os.name" value="Windows 10"> </property>
    <property name="sun.jnu.encoding" value="Cp1252"> </property>
    <property 
    name="java.library.path" value="C:\ProgramData\Oracle\Java\javapath;C:\WINDOWS\Sun\Java\bin;C:\WINDOWS\system32;C:\WINDOWS;C:\ProgramData\Oracle\Java\javapath;C:\Program Files (x86)\Intel\iCLS Client\;C:\Program Files\Intel\iCLS Client\;C:\WINDOWS\system32;C:\WINDOWS;C:\WINDOWS\System32\Wbem;C:\WINDOWS\System32\WindowsPowerShell\v1.0\;C:\Program Files (x86)\Intel\Intel(R) Management Engine Components\DAL;C:\Program Files\Intel\Intel(R) Management Engine Components\DAL;C:\Program Files (x86)\Intel\Intel(R) Management Engine Components\IPT;C:\Program Files\Intel\Intel(R) Management Engine Components\IPT;C:\Program Files\MATLAB\MATLAB Production Server\R2015a\runtime\win64;C:\Program Files\MATLAB\MATLAB Production Server\R2015a\bin;C:\Program Files\MATLAB\MATLAB Production Server\R2015a\polyspace\bin;C:\Program Files\nodejs\;C:\Program Files\MongoDB\Server\3.4\bin\;C:\Program Files\MySQL\MySQL Utilities 1.6\;C:\Program Files\Java\jdk1.8.0_121\bin;C:\Program Files\Scala\scala-2.11.8\bin;C:\Program Files (x86)\sbt\bin;C:\Program Files\Apache Software Foundation\Maven-3.5.0\bin;C:\Users\rdini\AppData\Local\Programs\Python\Python36-32\Scripts\;C:\Users\rdini\AppData\Local\Programs\Python\Python36-32\;C:\Program Files (x86)\Microsoft VS Code\bin;C:\Users\rdini\AppData\Roaming\npm;C:\Users\rdini\AppData\Local\Microsoft\WindowsApps;.">
</property>
    <property 
    name="java.specification.name" value="Java Platform API Specification">
</property>
    <property name="java.class.version" value="52.0"> </property>
    <property 
    name="sun.management.compiler" value="HotSpot 64-Bit Tiered Compilers">
</property>
    <property name="os.version" value="10.0"> </property>
    <property name="user.home" value="C:\Users\rdini"> </property>
    <property name="user.timezone" value=""> </property>
    <property name="java.awt.printerjob" value="sun.awt.windows.WPrinterJob">
    </property>
    <property name="file.encoding" value="Cp1252"> </property>
    <property name="java.specification.version" value="1.8"> </property>
    <property name="user.name" value="rdini"> </property>
    <property 
    name="java.class.path" value="C:\Projects\tp\mhs-scala\target\test-classes;C:\Projects\tp\mhs-scala\target\classes;C:\Users\rdini\.m2\repository\org\scalactic\scalactic_2.11\3.2.0-SNAP5\scalactic_2.11-3.2.0-SNAP5.jar;C:\Users\rdini\.m2\repository\org\scala-lang\scala-library\2.11.8\scala-library-2.11.8.jar;C:\Users\rdini\.m2\repository\org\scala-lang\scala-reflect\2.11.8\scala-reflect-2.11.8.jar;C:\Users\rdini\.m2\repository\org\scalatest\scalatest_2.11\3.2.0-SNAP5\scalatest_2.11-3.2.0-SNAP5.jar;C:\Users\rdini\.m2\repository\org\scala-lang\modules\scala-xml_2.11\1.0.5\scala-xml_2.11-1.0.5.jar;C:\Users\rdini\.m2\repository\org\scala-lang\modules\scala-parser-combinators_2.11\1.0.4\scala-parser-combinators_2.11-1.0.4.jar">
</property>
    <property name="java.vm.specification.version" value="1.8"> </property>
    <property name="sun.arch.data.model" value="64"> </property>
    <property name="java.home" value="C:\Program Files\Java\jre1.8.0_121">
    </property>
    <property 
    name="sun.java.command" value="org.scalatest.tools.Runner -R C:\Projects\tp\mhs-scala\target\classes C:\Projects\tp\mhs-scala\target\test-classes -o -fWDF C:\Projects\tp\mhs-scala\target\surefire-reports\TestSuite.txt -u C:\Projects\tp\mhs-scala\target\surefire-reports\.">
</property>
    <property name="java.specification.vendor" value="Oracle Corporation">
    </property>
    <property name="user.language" value="pt"> </property>
    <property name="awt.toolkit" value="sun.awt.windows.WToolkit"> </property>
    <property name="java.vm.info" value="mixed mode"> </property>
    <property name="java.version" value="1.8.0_121"> </property>
    <property 
    name="java.ext.dirs" value="C:\Program Files\Java\jre1.8.0_121\lib\ext;C:\WINDOWS\Sun\Java\lib\ext">
</property>
    <property 
    name="sun.boot.class.path" value="C:\Program Files\Java\jre1.8.0_121\lib\resources.jar;C:\Program Files\Java\jre1.8.0_121\lib\rt.jar;C:\Program Files\Java\jre1.8.0_121\lib\sunrsasign.jar;C:\Program Files\Java\jre1.8.0_121\lib\jsse.jar;C:\Program Files\Java\jre1.8.0_121\lib\jce.jar;C:\Program Files\Java\jre1.8.0_121\lib\charsets.jar;C:\Program Files\Java\jre1.8.0_121\lib\jfr.jar;C:\Program Files\Java\jre1.8.0_121\classes">
</property>
    <property name="java.vendor" value="Oracle Corporation"> </property>
    <property name="file.separator" value="\"> </property>
    <property 
    name="java.vendor.url.bug" value="http://bugreport.sun.com/bugreport/">
</property>
    <property name="sun.cpu.endian" value="little"> </property>
    <property name="sun.io.unicode.encoding" value="UnicodeLittle"> </property>
    <property name="sun.desktop" value="windows"> </property>
    <property name="sun.cpu.isalist" value="amd64"> </property>
  </properties>
  <testcase 
  name="avaliar a expressao if(true) then 5 else 4 should levar ao valor 5" classname="br.unb.cic.mhs.ExpressaoITETeste" time="0.0">
</testcase>
  <testcase 
  name="avaliar a expressao if(false) then 5 else 4 should levar ao valor 0" classname="br.unb.cic.mhs.ExpressaoITETeste" time="0.001">
</testcase>
  <testcase 
  name="a avaliacao if(5) then true else false should levar a um erro de tipo" classname="br.unb.cic.mhs.ExpressaoITETeste" time="0.004">
    <failure 
    message="Expected exception br.unb.cic.mhs.exception.TypeException to be thrown, but java.lang.ClassCastException was thrown" type="class org.scalatest.exceptions.TestFailedException">
      org.scalatest.exceptions.TestFailedException: Expected exception br.unb.cic.mhs.exception.TypeException to be thrown, but java.lang.ClassCastException was thrown
      at org.scalatest.Assertions$class.newAssertionFailedException(Assertions.scala:471)
      at org.scalatest.FlatSpec.newAssertionFailedException(FlatSpec.scala:1685)
      at org.scalatest.Assertions$class.intercept(Assertions.scala:755)
      at org.scalatest.FlatSpec.intercept(FlatSpec.scala:1685)
      at br.unb.cic.mhs.ExpressaoITETeste$$anonfun$3.apply(ExpressaoITETeste.scala:27)
      at br.unb.cic.mhs.ExpressaoITETeste$$anonfun$3.apply(ExpressaoITETeste.scala:24)
      at org.scalatest.OutcomeOf$class.outcomeOf(OutcomeOf.scala:85)
      at org.scalatest.OutcomeOf$.outcomeOf(OutcomeOf.scala:104)
      at org.scalatest.Transformer.apply(Transformer.scala:22)
      at org.scalatest.Transformer.apply(Transformer.scala:20)
      at org.scalatest.FlatSpecLike$$anon$1.apply(FlatSpecLike.scala:1682)
      at org.scalatest.TestSuite$class.withFixture(TestSuite.scala:196)
      at org.scalatest.FlatSpec.withFixture(FlatSpec.scala:1685)
      at org.scalatest.FlatSpecLike$class.invokeWithFixture$1(FlatSpecLike.scala:1679)
      at org.scalatest.FlatSpecLike$$anonfun$runTest$1.apply(FlatSpecLike.scala:1692)
      at org.scalatest.FlatSpecLike$$anonfun$runTest$1.apply(FlatSpecLike.scala:1692)
      at org.scalatest.SuperEngine.runTestImpl(Engine.scala:289)
      at org.scalatest.FlatSpecLike$class.runTest(FlatSpecLike.scala:1692)
      at org.scalatest.FlatSpec.runTest(FlatSpec.scala:1685)
      at org.scalatest.FlatSpecLike$$anonfun$runTests$1.apply(FlatSpecLike.scala:1750)
      at org.scalatest.FlatSpecLike$$anonfun$runTests$1.apply(FlatSpecLike.scala:1750)
      at org.scalatest.SuperEngine$$anonfun$traverseSubNodes$1$1.apply(Engine.scala:396)
      at org.scalatest.SuperEngine$$anonfun$traverseSubNodes$1$1.apply(Engine.scala:384)
      at scala.collection.immutable.List.foreach(List.scala:381)
      at org.scalatest.SuperEngine.traverseSubNodes$1(Engine.scala:384)
      at org.scalatest.SuperEngine.org$scalatest$SuperEngine$$runTestsInBranch(Engine.scala:373)
      at org.scalatest.SuperEngine$$anonfun$traverseSubNodes$1$1.apply(Engine.scala:410)
      at org.scalatest.SuperEngine$$anonfun$traverseSubNodes$1$1.apply(Engine.scala:384)
      at scala.collection.immutable.List.foreach(List.scala:381)
      at org.scalatest.SuperEngine.traverseSubNodes$1(Engine.scala:384)
      at org.scalatest.SuperEngine.org$scalatest$SuperEngine$$runTestsInBranch(Engine.scala:379)
      at org.scalatest.SuperEngine.runTestsImpl(Engine.scala:461)
      at org.scalatest.FlatSpecLike$class.runTests(FlatSpecLike.scala:1750)
      at org.scalatest.FlatSpec.runTests(FlatSpec.scala:1685)
      at org.scalatest.Suite$class.run(Suite.scala:1147)
      at org.scalatest.FlatSpec.org$scalatest$FlatSpecLike$$super$run(FlatSpec.scala:1685)
      at org.scalatest.FlatSpecLike$$anonfun$run$1.apply(FlatSpecLike.scala:1795)
      at org.scalatest.FlatSpecLike$$anonfun$run$1.apply(FlatSpecLike.scala:1795)
      at org.scalatest.SuperEngine.runImpl(Engine.scala:521)
      at org.scalatest.FlatSpecLike$class.run(FlatSpecLike.scala:1795)
      at org.scalatest.FlatSpec.run(FlatSpec.scala:1685)
      at org.scalatest.Suite$class.callExecuteOnSuite$1(Suite.scala:1210)
      at org.scalatest.Suite$$anonfun$runNestedSuites$1.apply(Suite.scala:1257)
      at org.scalatest.Suite$$anonfun$runNestedSuites$1.apply(Suite.scala:1255)
      at scala.collection.IndexedSeqOptimized$class.foreach(IndexedSeqOptimized.scala:33)
      at scala.collection.mutable.ArrayOps$ofRef.foreach(ArrayOps.scala:186)
      at org.scalatest.Suite$class.runNestedSuites(Suite.scala:1255)
      at org.scalatest.tools.DiscoverySuite.runNestedSuites(DiscoverySuite.scala:30)
      at org.scalatest.Suite$class.run(Suite.scala:1144)
      at org.scalatest.tools.DiscoverySuite.run(DiscoverySuite.scala:30)
      at org.scalatest.tools.SuiteRunner.run(SuiteRunner.scala:45)
      at org.scalatest.tools.Runner$$anonfun$doRunRunRunDaDoRunRun$1.apply(Runner.scala:1349)
      at org.scalatest.tools.Runner$$anonfun$doRunRunRunDaDoRunRun$1.apply(Runner.scala:1343)
      at scala.collection.immutable.List.foreach(List.scala:381)
      at org.scalatest.tools.Runner$.doRunRunRunDaDoRunRun(Runner.scala:1343)
      at org.scalatest.tools.Runner$$anonfun$runOptionallyWithPassFailReporter$2.apply(Runner.scala:1020)
      at org.scalatest.tools.Runner$$anonfun$runOptionallyWithPassFailReporter$2.apply(Runner.scala:1019)
      at org.scalatest.tools.Runner$.withClassLoaderAndDispatchReporter(Runner.scala:1509)
      at org.scalatest.tools.Runner$.runOptionallyWithPassFailReporter(Runner.scala:1019)
      at org.scalatest.tools.Runner$.main(Runner.scala:828)
      at org.scalatest.tools.Runner.main(Runner.scala)
      Cause: java.lang.ClassCastException: br.unb.cic.mhs.ast.ValorInteiro cannot be cast to br.unb.cic.mhs.ast.ValorBooleano
      at br.unb.cic.mhs.ast.ExpressaoITE.avaliar(ExpressaoITE.scala:12)
      at br.unb.cic.mhs.ExpressaoITETeste$$anonfun$3$$anonfun$apply$1.apply(ExpressaoITETeste.scala:28)
      at br.unb.cic.mhs.ExpressaoITETeste$$anonfun$3$$anonfun$apply$1.apply(ExpressaoITETeste.scala:28)
      at org.scalatest.Assertions$class.intercept(Assertions.scala:748)
      at org.scalatest.FlatSpec.intercept(FlatSpec.scala:1685)
      at br.unb.cic.mhs.ExpressaoITETeste$$anonfun$3.apply(ExpressaoITETeste.scala:27)
      at br.unb.cic.mhs.ExpressaoITETeste$$anonfun$3.apply(ExpressaoITETeste.scala:24)
      at org.scalatest.OutcomeOf$class.outcomeOf(OutcomeOf.scala:85)
      at org.scalatest.OutcomeOf$.outcomeOf(OutcomeOf.scala:104)
      at org.scalatest.Transformer.apply(Transformer.scala:22)
      at org.scalatest.Transformer.apply(Transformer.scala:20)
      at org.scalatest.FlatSpecLike$$anon$1.apply(FlatSpecLike.scala:1682)
      at org.scalatest.TestSuite$class.withFixture(TestSuite.scala:196)
      at org.scalatest.FlatSpec.withFixture(FlatSpec.scala:1685)
      at org.scalatest.FlatSpecLike$class.invokeWithFixture$1(FlatSpecLike.scala:1679)
      at org.scalatest.FlatSpecLike$$anonfun$runTest$1.apply(FlatSpecLike.scala:1692)
      at org.scalatest.FlatSpecLike$$anonfun$runTest$1.apply(FlatSpecLike.scala:1692)
      at org.scalatest.SuperEngine.runTestImpl(Engine.scala:289)
      at org.scalatest.FlatSpecLike$class.runTest(FlatSpecLike.scala:1692)
      at org.scalatest.FlatSpec.runTest(FlatSpec.scala:1685)
      at org.scalatest.FlatSpecLike$$anonfun$runTests$1.apply(FlatSpecLike.scala:1750)
      at org.scalatest.FlatSpecLike$$anonfun$runTests$1.apply(FlatSpecLike.scala:1750)
      at org.scalatest.SuperEngine$$anonfun$traverseSubNodes$1$1.apply(Engine.scala:396)
      at org.scalatest.SuperEngine$$anonfun$traverseSubNodes$1$1.apply(Engine.scala:384)
      at scala.collection.immutable.List.foreach(List.scala:381)
      at org.scalatest.SuperEngine.traverseSubNodes$1(Engine.scala:384)
      at org.scalatest.SuperEngine.org$scalatest$SuperEngine$$runTestsInBranch(Engine.scala:373)
      at org.scalatest.SuperEngine$$anonfun$traverseSubNodes$1$1.apply(Engine.scala:410)
      at org.scalatest.SuperEngine$$anonfun$traverseSubNodes$1$1.apply(Engine.scala:384)
      at scala.collection.immutable.List.foreach(List.scala:381)
      at org.scalatest.SuperEngine.traverseSubNodes$1(Engine.scala:384)
      at org.scalatest.SuperEngine.org$scalatest$SuperEngine$$runTestsInBranch(Engine.scala:379)
      at org.scalatest.SuperEngine.runTestsImpl(Engine.scala:461)
      at org.scalatest.FlatSpecLike$class.runTests(FlatSpecLike.scala:1750)
      at org.scalatest.FlatSpec.runTests(FlatSpec.scala:1685)
      at org.scalatest.Suite$class.run(Suite.scala:1147)
      at org.scalatest.FlatSpec.org$scalatest$FlatSpecLike$$super$run(FlatSpec.scala:1685)
      at org.scalatest.FlatSpecLike$$anonfun$run$1.apply(FlatSpecLike.scala:1795)
      at org.scalatest.FlatSpecLike$$anonfun$run$1.apply(FlatSpecLike.scala:1795)
      at org.scalatest.SuperEngine.runImpl(Engine.scala:521)
      at org.scalatest.FlatSpecLike$class.run(FlatSpecLike.scala:1795)
      at org.scalatest.FlatSpec.run(FlatSpec.scala:1685)
      at org.scalatest.Suite$class.callExecuteOnSuite$1(Suite.scala:1210)
      at org.scalatest.Suite$$anonfun$runNestedSuites$1.apply(Suite.scala:1257)
      at org.scalatest.Suite$$anonfun$runNestedSuites$1.apply(Suite.scala:1255)
      at scala.collection.IndexedSeqOptimized$class.foreach(IndexedSeqOptimized.scala:33)
      at scala.collection.mutable.ArrayOps$ofRef.foreach(ArrayOps.scala:186)
      at org.scalatest.Suite$class.runNestedSuites(Suite.scala:1255)
      at org.scalatest.tools.DiscoverySuite.runNestedSuites(DiscoverySuite.scala:30)
      at org.scalatest.Suite$class.run(Suite.scala:1144)
      at org.scalatest.tools.DiscoverySuite.run(DiscoverySuite.scala:30)
      at org.scalatest.tools.SuiteRunner.run(SuiteRunner.scala:45)
      at org.scalatest.tools.Runner$$anonfun$doRunRunRunDaDoRunRun$1.apply(Runner.scala:1349)
      at org.scalatest.tools.Runner$$anonfun$doRunRunRunDaDoRunRun$1.apply(Runner.scala:1343)
      at scala.collection.immutable.List.foreach(List.scala:381)
      at org.scalatest.tools.Runner$.doRunRunRunDaDoRunRun(Runner.scala:1343)
      at org.scalatest.tools.Runner$$anonfun$runOptionallyWithPassFailReporter$2.apply(Runner.scala:1020)
      at org.scalatest.tools.Runner$$anonfun$runOptionallyWithPassFailReporter$2.apply(Runner.scala:1019)
      at org.scalatest.tools.Runner$.withClassLoaderAndDispatchReporter(Runner.scala:1509)
      at org.scalatest.tools.Runner$.runOptionallyWithPassFailReporter(Runner.scala:1019)
      at org.scalatest.tools.Runner$.main(Runner.scala:828)
      at org.scalatest.tools.Runner.main(Runner.scala)
</failure>
</testcase>
  <testcase 
  name="a avaliacao if(true) then 5 else false should levar a um erro de tipo" classname="br.unb.cic.mhs.ExpressaoITETeste" time="0.0">
    <failure 
    message="Expected exception br.unb.cic.mhs.exception.TypeException to be thrown, but no exception was thrown" type="class org.scalatest.exceptions.TestFailedException">
      org.scalatest.exceptions.TestFailedException: Expected exception br.unb.cic.mhs.exception.TypeException to be thrown, but no exception was thrown
      at org.scalatest.Assertions$class.newAssertionFailedException(Assertions.scala:471)
      at org.scalatest.FlatSpec.newAssertionFailedException(FlatSpec.scala:1685)
      at org.scalatest.Assertions$class.intercept(Assertions.scala:765)
      at org.scalatest.FlatSpec.intercept(FlatSpec.scala:1685)
      at br.unb.cic.mhs.ExpressaoITETeste$$anonfun$4.apply(ExpressaoITETeste.scala:35)
      at br.unb.cic.mhs.ExpressaoITETeste$$anonfun$4.apply(ExpressaoITETeste.scala:32)
      at org.scalatest.OutcomeOf$class.outcomeOf(OutcomeOf.scala:85)
      at org.scalatest.OutcomeOf$.outcomeOf(OutcomeOf.scala:104)
      at org.scalatest.Transformer.apply(Transformer.scala:22)
      at org.scalatest.Transformer.apply(Transformer.scala:20)
      at org.scalatest.FlatSpecLike$$anon$1.apply(FlatSpecLike.scala:1682)
      at org.scalatest.TestSuite$class.withFixture(TestSuite.scala:196)
      at org.scalatest.FlatSpec.withFixture(FlatSpec.scala:1685)
      at org.scalatest.FlatSpecLike$class.invokeWithFixture$1(FlatSpecLike.scala:1679)
      at org.scalatest.FlatSpecLike$$anonfun$runTest$1.apply(FlatSpecLike.scala:1692)
      at org.scalatest.FlatSpecLike$$anonfun$runTest$1.apply(FlatSpecLike.scala:1692)
      at org.scalatest.SuperEngine.runTestImpl(Engine.scala:289)
      at org.scalatest.FlatSpecLike$class.runTest(FlatSpecLike.scala:1692)
      at org.scalatest.FlatSpec.runTest(FlatSpec.scala:1685)
      at org.scalatest.FlatSpecLike$$anonfun$runTests$1.apply(FlatSpecLike.scala:1750)
      at org.scalatest.FlatSpecLike$$anonfun$runTests$1.apply(FlatSpecLike.scala:1750)
      at org.scalatest.SuperEngine$$anonfun$traverseSubNodes$1$1.apply(Engine.scala:396)
      at org.scalatest.SuperEngine$$anonfun$traverseSubNodes$1$1.apply(Engine.scala:384)
      at scala.collection.immutable.List.foreach(List.scala:381)
      at org.scalatest.SuperEngine.traverseSubNodes$1(Engine.scala:384)
      at org.scalatest.SuperEngine.org$scalatest$SuperEngine$$runTestsInBranch(Engine.scala:373)
      at org.scalatest.SuperEngine$$anonfun$traverseSubNodes$1$1.apply(Engine.scala:410)
      at org.scalatest.SuperEngine$$anonfun$traverseSubNodes$1$1.apply(Engine.scala:384)
      at scala.collection.immutable.List.foreach(List.scala:381)
      at org.scalatest.SuperEngine.traverseSubNodes$1(Engine.scala:384)
      at org.scalatest.SuperEngine.org$scalatest$SuperEngine$$runTestsInBranch(Engine.scala:379)
      at org.scalatest.SuperEngine.runTestsImpl(Engine.scala:461)
      at org.scalatest.FlatSpecLike$class.runTests(FlatSpecLike.scala:1750)
      at org.scalatest.FlatSpec.runTests(FlatSpec.scala:1685)
      at org.scalatest.Suite$class.run(Suite.scala:1147)
      at org.scalatest.FlatSpec.org$scalatest$FlatSpecLike$$super$run(FlatSpec.scala:1685)
      at org.scalatest.FlatSpecLike$$anonfun$run$1.apply(FlatSpecLike.scala:1795)
      at org.scalatest.FlatSpecLike$$anonfun$run$1.apply(FlatSpecLike.scala:1795)
      at org.scalatest.SuperEngine.runImpl(Engine.scala:521)
      at org.scalatest.FlatSpecLike$class.run(FlatSpecLike.scala:1795)
      at org.scalatest.FlatSpec.run(FlatSpec.scala:1685)
      at org.scalatest.Suite$class.callExecuteOnSuite$1(Suite.scala:1210)
      at org.scalatest.Suite$$anonfun$runNestedSuites$1.apply(Suite.scala:1257)
      at org.scalatest.Suite$$anonfun$runNestedSuites$1.apply(Suite.scala:1255)
      at scala.collection.IndexedSeqOptimized$class.foreach(IndexedSeqOptimized.scala:33)
      at scala.collection.mutable.ArrayOps$ofRef.foreach(ArrayOps.scala:186)
      at org.scalatest.Suite$class.runNestedSuites(Suite.scala:1255)
      at org.scalatest.tools.DiscoverySuite.runNestedSuites(DiscoverySuite.scala:30)
      at org.scalatest.Suite$class.run(Suite.scala:1144)
      at org.scalatest.tools.DiscoverySuite.run(DiscoverySuite.scala:30)
      at org.scalatest.tools.SuiteRunner.run(SuiteRunner.scala:45)
      at org.scalatest.tools.Runner$$anonfun$doRunRunRunDaDoRunRun$1.apply(Runner.scala:1349)
      at org.scalatest.tools.Runner$$anonfun$doRunRunRunDaDoRunRun$1.apply(Runner.scala:1343)
      at scala.collection.immutable.List.foreach(List.scala:381)
      at org.scalatest.tools.Runner$.doRunRunRunDaDoRunRun(Runner.scala:1343)
      at org.scalatest.tools.Runner$$anonfun$runOptionallyWithPassFailReporter$2.apply(Runner.scala:1020)
      at org.scalatest.tools.Runner$$anonfun$runOptionallyWithPassFailReporter$2.apply(Runner.scala:1019)
      at org.scalatest.tools.Runner$.withClassLoaderAndDispatchReporter(Runner.scala:1509)
      at org.scalatest.tools.Runner$.runOptionallyWithPassFailReporter(Runner.scala:1019)
      at org.scalatest.tools.Runner$.main(Runner.scala:828)
      at org.scalatest.tools.Runner.main(Runner.scala)
</failure>
</testcase>
  <system-out><![CDATA[]]></system-out>
  <system-err><![CDATA[]]></system-err>
</testsuite>
